<?xml version="1.0" encoding="UTF-8"?>
<!-- Generated by org.testng.reporters.JUnitReportReporter -->
<testsuite skipped="0" hostname="CDC317062" name="testcase.main.Order" tests="1" failures="0" timestamp="19 Oct 2017 08:07:09 GMT" time="87.389" errors="0">
  <testcase name="OrderTest" time="87.389" classname="testcase.main.Order"/>
</testsuite> <!-- testcase.main.Order -->
