<?xml version="1.0" encoding="UTF-8"?>
<!-- Generated by org.testng.reporters.JUnitReportReporter -->
<testsuite skipped="0" hostname="CDC317062" name="testcase.main.Registration" tests="1" failures="0" timestamp="19 Oct 2017 09:09:23 GMT" time="45.249" errors="0">
  <testcase name="CheckOrderTest" time="45.249" classname="testcase.main.Registration"/>
</testsuite> <!-- testcase.main.Registration -->
