<?xml version="1.0" encoding="UTF-8"?>
<!-- Generated by org.testng.reporters.JUnitReportReporter -->
<testsuite skipped="0" hostname="CDC317062" name="testcase.main.SearchProduct" tests="1" failures="0" timestamp="19 Oct 2017 09:58:29 GMT" time="33.126" errors="0">
  <testcase name="SearchProductTest" time="33.126" classname="testcase.main.SearchProduct"/>
</testsuite> <!-- testcase.main.SearchProduct -->
