<?xml version="1.0" encoding="UTF-8"?>
<!-- Generated by org.testng.reporters.JUnitReportReporter -->
<testsuite skipped="0" hostname="CDC317062" name="testcase.main.CheckOrder" tests="1" failures="0" timestamp="19 Oct 2017 09:03:07 GMT" time="73.841" errors="0">
  <testcase name="CheckOrderTest" time="73.841" classname="testcase.main.CheckOrder"/>
</testsuite> <!-- testcase.main.CheckOrder -->
