<?xml version="1.0" encoding="UTF-8"?>
<!-- Generated by org.testng.reporters.JUnitReportReporter -->
<testsuite skipped="1" hostname="MC-CNJJ-WDP001L" name="testcase.main.CheckOrder" tests="2" failures="0" timestamp="24 Oct 2017 06:38:02 GMT" time="45.940" errors="1">
  <testcase name="CheckOrderTest" time="0.000" classname="testcase.main.CheckOrder">
    <skipped/>
  </testcase> <!-- CheckOrderTest -->
  <testcase name="setup" time="45.940" classname="testcase.main.CheckOrder">
    <error type="org.openqa.selenium.WebDriverException" message="Failed to connect to binary FirefoxBinary(/Applications/Firefox.app/Contents/MacOS/firefox-bin) on port 7055; process output follows: 
iver-profile/extensions/webdriver-staging
1508827039413	addons.xpi	DEBUG	Existing add-on fxdriver@googlecode.com in app-profile
1508827039414	addons.xpi	INFO	Mapping activity-stream@mozilla.org to /Applications/Firefox.app/Contents/Resources/browser/features/activity-stream@mozilla.org.xpi
1508827039414	addons.xpi	INFO	Mapping aushelper@mozilla.org to /Applications/Firefox.app/Contents/Resources/browser/features/aushelper@mozilla.org.xpi
1508827039414	addons.xpi	INFO	Mapping clicktoplay-rollout@mozilla.org to /Applications/Firefox.app/Contents/Resources/browser/features/clicktoplay-rollout@mozilla.org.xpi
1508827039414	addons.xpi	INFO	Mapping e10srollout@mozilla.org to /Applications/Firefox.app/Contents/Resources/browser/features/e10srollout@mozilla.org.xpi
1508827039414	addons.xpi	INFO	Mapping firefox@getpocket.com to /Applications/Firefox.app/Contents/Resources/browser/features/firefox@getpocket.com.xpi
1508827039414	addons.xpi	INFO	Mapping followonsearch@mozilla.com to /Applications/Firefox.app/Contents/Resources/browser/features/followonsearch@mozilla.com.xpi
1508827039414	addons.xpi	INFO	Mapping formautofill@mozilla.org to /Applications/Firefox.app/Contents/Resources/browser/features/formautofill@mozilla.org.xpi
1508827039414	addons.xpi	INFO	Mapping onboarding@mozilla.org to /Applications/Firefox.app/Contents/Resources/browser/features/onboarding@mozilla.org.xpi
1508827039414	addons.xpi	INFO	Mapping screenshots@mozilla.org to /Applications/Firefox.app/Contents/Resources/browser/features/screenshots@mozilla.org.xpi
1508827039414	addons.xpi	INFO	Mapping shield-recipe-client@mozilla.org to /Applications/Firefox.app/Contents/Resources/browser/features/shield-recipe-client@mozilla.org.xpi
1508827039414	addons.xpi	INFO	Mapping webcompat@mozilla.org to /Applications/Firefox.app/Contents/Resources/browser/features/webcompat@mozilla.org.xpi
1508827039414	addons.xpi	DEBUG	Existing add-on activity-stream@mozilla.org in app-system-defaults
1508827039415	addons.xpi	DEBUG	Existing add-on aushelper@mozilla.org in app-system-defaults
1508827039415	addons.xpi	DEBUG	Existing add-on clicktoplay-rollout@mozilla.org in app-system-defaults
1508827039415	addons.xpi	DEBUG	Existing add-on e10srollout@mozilla.org in app-system-defaults
1508827039415	addons.xpi	DEBUG	Existing add-on firefox@getpocket.com in app-system-defaults
1508827039415	addons.xpi	DEBUG	Existing add-on followonsearch@mozilla.com in app-system-defaults
1508827039415	addons.xpi	DEBUG	Existing add-on formautofill@mozilla.org in app-system-defaults
1508827039415	addons.xpi	DEBUG	Existing add-on onboarding@mozilla.org in app-system-defaults
1508827039415	addons.xpi	DEBUG	Existing add-on screenshots@mozilla.org in app-system-defaults
1508827039416	addons.xpi	DEBUG	Existing add-on shield-recipe-client@mozilla.org in app-system-defaults
1508827039416	addons.xpi	DEBUG	Existing add-on webcompat@mozilla.org in app-system-defaults
1508827039416	addons.xpi	INFO	Mapping {972ce4c6-7e08-4474-a285-3208198ce6fd} to /Applications/Firefox.app/Contents/Resources/browser/extensions/{972ce4c6-7e08-4474-a285-3208198ce6fd}.xpi
1508827039416	addons.xpi	DEBUG	Existing add-on {972ce4c6-7e08-4474-a285-3208198ce6fd} in app-global
1508827039416	addons.xpi	DEBUG	getInstallState changed: false, state: {}
1508827039505	addons.productaddons	INFO	sending request to: https://aus5.mozilla.org/update/3/GMP/56.0/20170926190823/Darwin_x86_64-gcc3/zh-CN/release/Darwin%2014.5.0/default/default/update.xml
1508827040720	addons.productaddons	INFO	Completed downloading document
1508827043267	addons.productaddons	INFO	downloadXHR File download. status=200
1508827043269	addons.productaddons	INFO	Downloaded file will be saved to /var/folders/ff/6f03rdvj515_ykqzn12g4qgnsrsr0g/T/tmpaddon
1508827043369	DeferredSave.webext.sc.lz4	DEBUG	Starting write
1508827043371	DeferredSave.webext.sc.lz4	DEBUG	Write succeeded
1508827046743	addons.productaddons	INFO	downloadXHR File download. status=200
1508827046748	addons.productaddons	INFO	Downloaded file will be saved to /var/folders/ff/6f03rdvj515_ykqzn12g4qgnsrsr0g/T/tmpaddon-64abf5

Build info: version: &#039;2.47.0&#039;, revision: &#039;0e4837e94b1fad0db93e88cd972ed3e235a22892&#039;, time: &#039;2015-07-29 15:58:41&#039;
System info: host: &#039;MC-CNJJ-WDP001L&#039;, ip: &#039;10.141.18.59&#039;, os.name: &#039;Mac OS X&#039;, os.arch: &#039;x86_64&#039;, os.version: &#039;10.10.5&#039;, java.version: &#039;1.8.0_51&#039;
Driver info: driver.version: FirefoxDriver">
      <![CDATA[org.openqa.selenium.WebDriverException: Failed to connect to binary FirefoxBinary(/Applications/Firefox.app/Contents/MacOS/firefox-bin) on port 7055; process output follows: 
iver-profile/extensions/webdriver-staging
1508827039413	addons.xpi	DEBUG	Existing add-on fxdriver@googlecode.com in app-profile
1508827039414	addons.xpi	INFO	Mapping activity-stream@mozilla.org to /Applications/Firefox.app/Contents/Resources/browser/features/activity-stream@mozilla.org.xpi
1508827039414	addons.xpi	INFO	Mapping aushelper@mozilla.org to /Applications/Firefox.app/Contents/Resources/browser/features/aushelper@mozilla.org.xpi
1508827039414	addons.xpi	INFO	Mapping clicktoplay-rollout@mozilla.org to /Applications/Firefox.app/Contents/Resources/browser/features/clicktoplay-rollout@mozilla.org.xpi
1508827039414	addons.xpi	INFO	Mapping e10srollout@mozilla.org to /Applications/Firefox.app/Contents/Resources/browser/features/e10srollout@mozilla.org.xpi
1508827039414	addons.xpi	INFO	Mapping firefox@getpocket.com to /Applications/Firefox.app/Contents/Resources/browser/features/firefox@getpocket.com.xpi
1508827039414	addons.xpi	INFO	Mapping followonsearch@mozilla.com to /Applications/Firefox.app/Contents/Resources/browser/features/followonsearch@mozilla.com.xpi
1508827039414	addons.xpi	INFO	Mapping formautofill@mozilla.org to /Applications/Firefox.app/Contents/Resources/browser/features/formautofill@mozilla.org.xpi
1508827039414	addons.xpi	INFO	Mapping onboarding@mozilla.org to /Applications/Firefox.app/Contents/Resources/browser/features/onboarding@mozilla.org.xpi
1508827039414	addons.xpi	INFO	Mapping screenshots@mozilla.org to /Applications/Firefox.app/Contents/Resources/browser/features/screenshots@mozilla.org.xpi
1508827039414	addons.xpi	INFO	Mapping shield-recipe-client@mozilla.org to /Applications/Firefox.app/Contents/Resources/browser/features/shield-recipe-client@mozilla.org.xpi
1508827039414	addons.xpi	INFO	Mapping webcompat@mozilla.org to /Applications/Firefox.app/Contents/Resources/browser/features/webcompat@mozilla.org.xpi
1508827039414	addons.xpi	DEBUG	Existing add-on activity-stream@mozilla.org in app-system-defaults
1508827039415	addons.xpi	DEBUG	Existing add-on aushelper@mozilla.org in app-system-defaults
1508827039415	addons.xpi	DEBUG	Existing add-on clicktoplay-rollout@mozilla.org in app-system-defaults
1508827039415	addons.xpi	DEBUG	Existing add-on e10srollout@mozilla.org in app-system-defaults
1508827039415	addons.xpi	DEBUG	Existing add-on firefox@getpocket.com in app-system-defaults
1508827039415	addons.xpi	DEBUG	Existing add-on followonsearch@mozilla.com in app-system-defaults
1508827039415	addons.xpi	DEBUG	Existing add-on formautofill@mozilla.org in app-system-defaults
1508827039415	addons.xpi	DEBUG	Existing add-on onboarding@mozilla.org in app-system-defaults
1508827039415	addons.xpi	DEBUG	Existing add-on screenshots@mozilla.org in app-system-defaults
1508827039416	addons.xpi	DEBUG	Existing add-on shield-recipe-client@mozilla.org in app-system-defaults
1508827039416	addons.xpi	DEBUG	Existing add-on webcompat@mozilla.org in app-system-defaults
1508827039416	addons.xpi	INFO	Mapping {972ce4c6-7e08-4474-a285-3208198ce6fd} to /Applications/Firefox.app/Contents/Resources/browser/extensions/{972ce4c6-7e08-4474-a285-3208198ce6fd}.xpi
1508827039416	addons.xpi	DEBUG	Existing add-on {972ce4c6-7e08-4474-a285-3208198ce6fd} in app-global
1508827039416	addons.xpi	DEBUG	getInstallState changed: false, state: {}
1508827039505	addons.productaddons	INFO	sending request to: https://aus5.mozilla.org/update/3/GMP/56.0/20170926190823/Darwin_x86_64-gcc3/zh-CN/release/Darwin%2014.5.0/default/default/update.xml
1508827040720	addons.productaddons	INFO	Completed downloading document
1508827043267	addons.productaddons	INFO	downloadXHR File download. status=200
1508827043269	addons.productaddons	INFO	Downloaded file will be saved to /var/folders/ff/6f03rdvj515_ykqzn12g4qgnsrsr0g/T/tmpaddon
1508827043369	DeferredSave.webext.sc.lz4	DEBUG	Starting write
1508827043371	DeferredSave.webext.sc.lz4	DEBUG	Write succeeded
1508827046743	addons.productaddons	INFO	downloadXHR File download. status=200
1508827046748	addons.productaddons	INFO	Downloaded file will be saved to /var/folders/ff/6f03rdvj515_ykqzn12g4qgnsrsr0g/T/tmpaddon-64abf5

Build info: version: '2.47.0', revision: '0e4837e94b1fad0db93e88cd972ed3e235a22892', time: '2015-07-29 15:58:41'
System info: host: 'MC-CNJJ-WDP001L', ip: '10.141.18.59', os.name: 'Mac OS X', os.arch: 'x86_64', os.version: '10.10.5', java.version: '1.8.0_51'
Driver info: driver.version: FirefoxDriver
	at org.openqa.selenium.firefox.internal.NewProfileExtensionConnection.start(NewProfileExtensionConnection.java:134)
	at org.openqa.selenium.firefox.FirefoxDriver.startClient(FirefoxDriver.java:276)
	at org.openqa.selenium.remote.RemoteWebDriver.<init>(RemoteWebDriver.java:116)
	at org.openqa.selenium.firefox.FirefoxDriver.<init>(FirefoxDriver.java:221)
	at org.openqa.selenium.firefox.FirefoxDriver.<init>(FirefoxDriver.java:216)
	at org.openqa.selenium.firefox.FirefoxDriver.<init>(FirefoxDriver.java:212)
	at org.openqa.selenium.firefox.FirefoxDriver.<init>(FirefoxDriver.java:125)
	at Configuration.SeleniumTest.visit(SeleniumTest.java:95)
	at Configuration.SeleniumTest.start(SeleniumTest.java:68)
	at testcase.main.CheckOrder.setup(CheckOrder.java:17)
	at sun.reflect.NativeMethodAccessorImpl.invoke0(Native Method)
	at sun.reflect.NativeMethodAccessorImpl.invoke(NativeMethodAccessorImpl.java:62)
	at sun.reflect.DelegatingMethodAccessorImpl.invoke(DelegatingMethodAccessorImpl.java:43)
	at java.lang.reflect.Method.invoke(Method.java:497)
	at org.testng.internal.MethodInvocationHelper.invokeMethod(MethodInvocationHelper.java:108)
	at org.testng.internal.Invoker.invokeConfigurationMethod(Invoker.java:523)
	at org.testng.internal.Invoker.invokeConfigurations(Invoker.java:224)
	at org.testng.internal.Invoker.invokeMethod(Invoker.java:599)
	at org.testng.internal.Invoker.invokeTestMethod(Invoker.java:869)
	at org.testng.internal.Invoker.invokeTestMethods(Invoker.java:1193)
	at org.testng.internal.TestMethodWorker.invokeTestMethods(TestMethodWorker.java:126)
	at org.testng.internal.TestMethodWorker.run(TestMethodWorker.java:109)
	at org.testng.TestRunner.privateRun(TestRunner.java:744)
	at org.testng.TestRunner.run(TestRunner.java:602)
	at org.testng.SuiteRunner.runTest(SuiteRunner.java:380)
	at org.testng.SuiteRunner.runSequentially(SuiteRunner.java:375)
	at org.testng.SuiteRunner.privateRun(SuiteRunner.java:340)
	at org.testng.SuiteRunner.run(SuiteRunner.java:289)
	at org.testng.SuiteRunnerWorker.runSuite(SuiteRunnerWorker.java:52)
	at org.testng.SuiteRunnerWorker.run(SuiteRunnerWorker.java:86)
	at org.testng.TestNG.runSuitesSequentially(TestNG.java:1301)
	at org.testng.TestNG.runSuitesLocally(TestNG.java:1226)
	at org.testng.TestNG.runSuites(TestNG.java:1144)
	at org.testng.TestNG.run(TestNG.java:1115)
	at org.testng.remote.AbstractRemoteTestNG.run(AbstractRemoteTestNG.java:132)
	at org.testng.remote.RemoteTestNG.initAndRun(RemoteTestNG.java:236)
	at org.testng.remote.RemoteTestNG.main(RemoteTestNG.java:81)
Caused by: org.openqa.selenium.firefox.NotConnectedException: Unable to connect to host 127.0.0.1 on port 7055 after 45000 ms. Firefox console output:
iver-profile/extensions/webdriver-staging
1508827039413	addons.xpi	DEBUG	Existing add-on fxdriver@googlecode.com in app-profile
1508827039414	addons.xpi	INFO	Mapping activity-stream@mozilla.org to /Applications/Firefox.app/Contents/Resources/browser/features/activity-stream@mozilla.org.xpi
1508827039414	addons.xpi	INFO	Mapping aushelper@mozilla.org to /Applications/Firefox.app/Contents/Resources/browser/features/aushelper@mozilla.org.xpi
1508827039414	addons.xpi	INFO	Mapping clicktoplay-rollout@mozilla.org to /Applications/Firefox.app/Contents/Resources/browser/features/clicktoplay-rollout@mozilla.org.xpi
1508827039414	addons.xpi	INFO	Mapping e10srollout@mozilla.org to /Applications/Firefox.app/Contents/Resources/browser/features/e10srollout@mozilla.org.xpi
1508827039414	addons.xpi	INFO	Mapping firefox@getpocket.com to /Applications/Firefox.app/Contents/Resources/browser/features/firefox@getpocket.com.xpi
1508827039414	addons.xpi	INFO	Mapping followonsearch@mozilla.com to /Applications/Firefox.app/Contents/Resources/browser/features/followonsearch@mozilla.com.xpi
1508827039414	addons.xpi	INFO	Mapping formautofill@mozilla.org to /Applications/Firefox.app/Contents/Resources/browser/features/formautofill@mozilla.org.xpi
1508827039414	addons.xpi	INFO	Mapping onboarding@mozilla.org to /Applications/Firefox.app/Contents/Resources/browser/features/onboarding@mozilla.org.xpi
1508827039414	addons.xpi	INFO	Mapping screenshots@mozilla.org to /Applications/Firefox.app/Contents/Resources/browser/features/screenshots@mozilla.org.xpi
1508827039414	addons.xpi	INFO	Mapping shield-recipe-client@mozilla.org to /Applications/Firefox.app/Contents/Resources/browser/features/shield-recipe-client@mozilla.org.xpi
1508827039414	addons.xpi	INFO	Mapping webcompat@mozilla.org to /Applications/Firefox.app/Contents/Resources/browser/features/webcompat@mozilla.org.xpi
1508827039414	addons.xpi	DEBUG	Existing add-on activity-stream@mozilla.org in app-system-defaults
1508827039415	addons.xpi	DEBUG	Existing add-on aushelper@mozilla.org in app-system-defaults
1508827039415	addons.xpi	DEBUG	Existing add-on clicktoplay-rollout@mozilla.org in app-system-defaults
1508827039415	addons.xpi	DEBUG	Existing add-on e10srollout@mozilla.org in app-system-defaults
1508827039415	addons.xpi	DEBUG	Existing add-on firefox@getpocket.com in app-system-defaults
1508827039415	addons.xpi	DEBUG	Existing add-on followonsearch@mozilla.com in app-system-defaults
1508827039415	addons.xpi	DEBUG	Existing add-on formautofill@mozilla.org in app-system-defaults
1508827039415	addons.xpi	DEBUG	Existing add-on onboarding@mozilla.org in app-system-defaults
1508827039415	addons.xpi	DEBUG	Existing add-on screenshots@mozilla.org in app-system-defaults
1508827039416	addons.xpi	DEBUG	Existing add-on shield-recipe-client@mozilla.org in app-system-defaults
1508827039416	addons.xpi	DEBUG	Existing add-on webcompat@mozilla.org in app-system-defaults
1508827039416	addons.xpi	INFO	Mapping {972ce4c6-7e08-4474-a285-3208198ce6fd} to /Applications/Firefox.app/Contents/Resources/browser/extensions/{972ce4c6-7e08-4474-a285-3208198ce6fd}.xpi
1508827039416	addons.xpi	DEBUG	Existing add-on {972ce4c6-7e08-4474-a285-3208198ce6fd} in app-global
1508827039416	addons.xpi	DEBUG	getInstallState changed: false, state: {}
1508827039505	addons.productaddons	INFO	sending request to: https://aus5.mozilla.org/update/3/GMP/56.0/20170926190823/Darwin_x86_64-gcc3/zh-CN/release/Darwin%2014.5.0/default/default/update.xml
1508827040720	addons.productaddons	INFO	Completed downloading document
1508827043267	addons.productaddons	INFO	downloadXHR File download. status=200
1508827043269	addons.productaddons	INFO	Downloaded file will be saved to /var/folders/ff/6f03rdvj515_ykqzn12g4qgnsrsr0g/T/tmpaddon
1508827043369	DeferredSave.webext.sc.lz4	DEBUG	Starting write
1508827043371	DeferredSave.webext.sc.lz4	DEBUG	Write succeeded
1508827046743	addons.productaddons	INFO	downloadXHR File download. status=200
1508827046748	addons.productaddons	INFO	Downloaded file will be saved to /var/folders/ff/6f03rdvj515_ykqzn12g4qgnsrsr0g/T/tmpaddon-64abf5

	at org.openqa.selenium.firefox.internal.NewProfileExtensionConnection.start(NewProfileExtensionConnection.java:122)
	... 36 more
]]>
    </error>
  </testcase> <!-- setup -->
</testsuite> <!-- testcase.main.CheckOrder -->
